2025-10-20 18:39:41,107 [INFO] Activator:176 - 


2025-10-20 18:39:41,108 [INFO] Activator:177 - !SESSION log4j initialized
2025-10-20 18:39:43,005 [INFO] LogOutputStream:77 - [STDOUT_REDIRECT] 
2025-10-20 18:39:44,542 [INFO] ApplicationProperties:184 - Using Application install path: C:\ST\STM32CubeIDE_1.19.0\STM32CubeIDE\plugins\com.st.stm32cube.common.mx_6.15.0.202507011659
2025-10-20 18:39:44,553 [INFO] DbMcusXml:78 - Set database path to: C:\ST\STM32CubeIDE_1.19.0\STM32CubeIDE\plugins\com.st.stm32cube.common.mx_6.15.0.202507011659\\db\/mcu/
2025-10-20 18:39:44,553 [INFO] ApiDb:274 - Set plugin database path to: C:\ST\STM32CubeIDE_1.19.0\STM32CubeIDE\plugins\com.st.stm32cube.common.mx_6.15.0.202507011659\\db\/plugins/boardmanager/
2025-10-20 18:39:44,553 [WARN] ApiDb:259 - Overriding images path with different value:  => C:\ST\STM32CubeIDE_1.19.0\STM32CubeIDE\plugins\com.st.stm32cube.common.mx_6.15.0.202507011659\\db\/plugins/mcufinder/images/
2025-10-20 18:39:44,558 [INFO] ApiDb:250 - Set database path to: C:\Users\b01037741\.stmcufinder\plugins\mcufinder//mcu/
2025-10-20 18:39:44,559 [INFO] DbMcusAds:125 - Set database path to: C:\Users\b01037741\.stmcufinder\plugins\mcufinder//mcu/
2025-10-20 18:39:44,560 [INFO] CrossReferenceDbSqlite:203 - Set database path to: C:\Users\b01037741\.stmcufinder\plugins\mcufinder//mcu/cs/
2025-10-20 18:39:44,632 [INFO] RulesReader:64 - Compatibility file has been processed (317 Rules)
2025-10-20 18:39:44,704 [INFO] DbMcusXml:78 - Set database path to: C:\ST\STM32CubeIDE_1.19.0\STM32CubeIDE\plugins\com.st.stm32cube.common.mx_6.15.0.202507011659\\db\/mcu/
2025-10-20 18:39:44,704 [INFO] ApiDb:274 - Set plugin database path to: C:\ST\STM32CubeIDE_1.19.0\STM32CubeIDE\plugins\com.st.stm32cube.common.mx_6.15.0.202507011659\\db\/plugins/boardmanager/
2025-10-20 18:39:44,705 [INFO] ApiDb:261 - Set plugin images path to: C:\ST\STM32CubeIDE_1.19.0\STM32CubeIDE\plugins\com.st.stm32cube.common.mx_6.15.0.202507011659\\db\/plugins/mcufinder/images/
2025-10-20 18:39:44,705 [WARN] DbFile:41 - Overriding database path with different value: C:\Users\b01037741\.stmcufinder\plugins\mcufinder/ => C:\Users\b01037741\.stmcufinder\plugins\mcufinder
2025-10-20 18:39:44,705 [INFO] ApiDb:250 - Set database path to: C:\Users\b01037741\.stmcufinder\plugins\mcufinder//mcu/
2025-10-20 18:39:44,705 [WARN] DbFile:41 - Overriding database path with different value: C:\Users\b01037741\.stmcufinder\plugins\mcufinder/ => C:\Users\b01037741\.stmcufinder\plugins\mcufinder
2025-10-20 18:39:44,705 [INFO] DbMcusAds:125 - Set database path to: C:\Users\b01037741\.stmcufinder\plugins\mcufinder//mcu/
2025-10-20 18:39:44,705 [WARN] DbFile:41 - Overriding database path with different value: C:\Users\b01037741\.stmcufinder\plugins\mcufinder/ => C:\Users\b01037741\.stmcufinder\plugins\mcufinder
2025-10-20 18:39:44,705 [WARN] DbFile:41 - Overriding database path with different value: C:\Users\b01037741\.stmcufinder\plugins\mcufinder/ => C:\Users\b01037741\.stmcufinder\plugins\mcufinder
2025-10-20 18:39:44,705 [INFO] CrossReferenceDbSqlite:203 - Set database path to: C:\Users\b01037741\.stmcufinder\plugins\mcufinder//mcu/cs/
2025-10-20 18:39:44,805 [INFO] MainPanel:274 - HeapMemory: 268435456
2025-10-20 18:39:44,868 [INFO] DbMcusXml:78 - Set database path to: C:\ST\STM32CubeIDE_1.19.0\STM32CubeIDE\plugins\com.st.stm32cube.common.mx_6.15.0.202507011659\\db\/mcu/
2025-10-20 18:39:44,868 [INFO] ApiDb:274 - Set plugin database path to: C:\ST\STM32CubeIDE_1.19.0\STM32CubeIDE\plugins\com.st.stm32cube.common.mx_6.15.0.202507011659\\db\/plugins/boardmanager/
2025-10-20 18:39:44,868 [INFO] ApiDb:261 - Set plugin images path to: C:\ST\STM32CubeIDE_1.19.0\STM32CubeIDE\plugins\com.st.stm32cube.common.mx_6.15.0.202507011659\\db\/plugins/mcufinder/images/
2025-10-20 18:39:44,868 [WARN] DbFile:41 - Overriding database path with different value: C:\Users\b01037741\.stmcufinder\plugins\mcufinder/ => C:\Users\b01037741\.stmcufinder\plugins\mcufinder
2025-10-20 18:39:44,868 [INFO] ApiDb:250 - Set database path to: C:\Users\b01037741\.stmcufinder\plugins\mcufinder//mcu/
2025-10-20 18:39:44,868 [WARN] DbFile:41 - Overriding database path with different value: C:\Users\b01037741\.stmcufinder\plugins\mcufinder/ => C:\Users\b01037741\.stmcufinder\plugins\mcufinder
2025-10-20 18:39:44,868 [INFO] DbMcusAds:125 - Set database path to: C:\Users\b01037741\.stmcufinder\plugins\mcufinder//mcu/
2025-10-20 18:39:44,868 [WARN] DbFile:41 - Overriding database path with different value: C:\Users\b01037741\.stmcufinder\plugins\mcufinder/ => C:\Users\b01037741\.stmcufinder\plugins\mcufinder
2025-10-20 18:39:44,868 [WARN] DbFile:41 - Overriding database path with different value: C:\Users\b01037741\.stmcufinder\plugins\mcufinder/ => C:\Users\b01037741\.stmcufinder\plugins\mcufinder
2025-10-20 18:39:44,869 [INFO] CrossReferenceDbSqlite:203 - Set database path to: C:\Users\b01037741\.stmcufinder\plugins\mcufinder//mcu/cs/
2025-10-20 18:39:44,892 [INFO] ApplicationProperties:184 - Using Application install path: C:\ST\STM32CubeIDE_1.19.0\STM32CubeIDE\plugins\com.st.stm32cube.common.mx_6.15.0.202507011659
2025-10-20 18:39:44,893 [INFO] PluginManage:196 - Search for loadable plugins [exclusion list=, ]
2025-10-20 18:39:44,894 [INFO] PluginManage:310 - Check plugin analytics
2025-10-20 18:39:45,019 [INFO] AnalyticsPlugin:253 - Accepted Software Licenses: 
2025-10-20 18:39:45,019 [INFO] AnalyticsPlugin:255 - Accepted CMSIS Pack Licenses: 
2025-10-20 18:39:45,019 [INFO] AnalyticsPlugin:257 - Accepted Firmware Licenses: 
2025-10-20 18:39:45,026 [INFO] PluginManage:359 - Loaded plugin analytics (category:tool,tabindex:-1)
2025-10-20 18:39:45,026 [INFO] PluginManage:310 - Check plugin cadmodel
2025-10-20 18:39:45,045 [INFO] CADModel:105 - Init CAD model plugin
2025-10-20 18:39:45,045 [INFO] PluginManage:359 - Loaded plugin cadmodel (category:power,tabindex:5)
2025-10-20 18:39:45,045 [INFO] PluginManage:310 - Check plugin clock
2025-10-20 18:39:45,062 [INFO] PluginManage:359 - Loaded plugin clock (category:base,tabindex:2)
2025-10-20 18:39:45,062 [INFO] PluginManage:310 - Check plugin ddr
2025-10-20 18:39:45,063 [INFO] PluginManage:359 - Loaded plugin ddr (category:tool,tabindex:6)
2025-10-20 18:39:45,064 [INFO] PluginManage:310 - Check plugin filemanager
2025-10-20 18:39:45,162 [INFO] PluginManage:359 - Loaded plugin filemanager (category:base,tabindex:10)
2025-10-20 18:39:45,162 [INFO] PluginManage:310 - Check plugin ipmanager
2025-10-20 18:39:45,166 [INFO] PluginManage:359 - Loaded plugin ipmanager (category:base,tabindex:5)
2025-10-20 18:39:45,166 [INFO] PluginManage:310 - Check plugin lpbam
2025-10-20 18:39:45,181 [INFO] PluginManage:359 - Loaded plugin lpbam (category:base,tabindex:0)
2025-10-20 18:39:45,181 [INFO] PluginManage:310 - Check plugin memorymap
2025-10-20 18:39:45,198 [INFO] PluginManage:359 - Loaded plugin memorymap (category:base,tabindex:4)
2025-10-20 18:39:45,198 [INFO] PluginManage:310 - Check plugin pinoutandconfiguration
2025-10-20 18:39:45,212 [INFO] PluginManage:359 - Loaded plugin pinoutandconfiguration (category:base,tabindex:1)
2025-10-20 18:39:45,212 [INFO] PluginManage:310 - Check plugin pinoutconfig
2025-10-20 18:39:45,279 [WARN] SupportedApi:132 - Cannot load RTOS API schema: s4s-elt-must-match.1: The content of 'definitions' must match (annotation?, (simpleType | complexType)?, (unique | key | keyref)*)). A problem was found starting at: attribute.
2025-10-20 18:39:45,349 [INFO] PluginManage:359 - Loaded plugin pinoutconfig (category:base,tabindex:0)
2025-10-20 18:39:45,349 [INFO] PluginManage:310 - Check plugin power
2025-10-20 18:39:45,365 [INFO] PluginManage:359 - Loaded plugin power (category:power,tabindex:4)
2025-10-20 18:39:45,365 [INFO] PluginManage:310 - Check plugin projectmanager
2025-10-20 18:39:45,375 [INFO] PluginManage:359 - Loaded plugin projectmanager (category:projectmanager,tabindex:4)
2025-10-20 18:39:45,375 [INFO] PluginManage:310 - Check plugin rif
2025-10-20 18:39:45,393 [INFO] PluginManage:359 - Loaded plugin rif (category:base,tabindex:3)
2025-10-20 18:39:45,393 [INFO] PluginManage:310 - Check plugin thirdparty
2025-10-20 18:39:45,638 [INFO] PluginManage:359 - Loaded plugin thirdparty (category:base,tabindex:-1)
2025-10-20 18:39:45,638 [WARN] IntegrityCheckThread:84 - waiting for thirdparty lock release [integrity check]
2025-10-20 18:39:45,638 [INFO] PluginManage:310 - Check plugin tools
2025-10-20 18:39:45,639 [INFO] IntegrityCheckThread:86 - entering critical section [integrity check]
2025-10-20 18:39:45,639 [INFO] ThirdPartyUpdaterWithRetryManager:70 - Updater plugin not ready yet. [1/15]
2025-10-20 18:39:45,673 [INFO] PluginManage:359 - Loaded plugin tools (category:base,tabindex:7)
2025-10-20 18:39:45,673 [INFO] PluginManage:310 - Check plugin tutovideos
2025-10-20 18:39:45,814 [INFO] PluginManage:359 - Loaded plugin tutovideos (category:base,tabindex:-1)
2025-10-20 18:39:45,814 [INFO] PluginManage:310 - Check plugin updater
2025-10-20 18:39:45,826 [INFO] PluginManage:359 - Loaded plugin updater (category:base,tabindex:12)
2025-10-20 18:39:45,826 [INFO] PluginManage:310 - Check plugin userauth
2025-10-20 18:39:45,829 [INFO] UserAuth:118 - Init User Auth plugin
2025-10-20 18:39:45,830 [INFO] PluginManage:359 - Loaded plugin userauth (category:base,tabindex:14)
2025-10-20 18:39:45,830 [INFO] PluginManage:283 - PluginManage : Loaded plugins [18]
2025-10-20 18:39:45,965 [INFO] PinOutPanel:1589 - setPackage(No Configuration,No Configuration)
2025-10-20 18:39:46,022 [INFO] CADModel:165 - CPN selected for project level
2025-10-20 18:39:46,022 [INFO] CADModel:114 - Register for checkConnection events
2025-10-20 18:39:46,044 [INFO] IPUIPlugin:80 - create IPUIPlugin
2025-10-20 18:39:46,044 [INFO] PluginManager:220 - loadIPPluginJar : add adc
2025-10-20 18:39:46,081 [INFO] IPUIPlugin:80 - create IPUIPlugin
2025-10-20 18:39:46,081 [INFO] PluginManager:220 - loadIPPluginJar : add aes
2025-10-20 18:39:46,125 [INFO] IPUIPlugin:80 - create IPUIPlugin
2025-10-20 18:39:46,125 [INFO] PluginManager:220 - loadIPPluginJar : add can
2025-10-20 18:39:46,150 [INFO] IPUIPlugin:80 - create IPUIPlugin
2025-10-20 18:39:46,150 [INFO] PluginManager:220 - loadIPPluginJar : add comp
2025-10-20 18:39:46,184 [INFO] IPUIPlugin:80 - create IPUIPlugin
2025-10-20 18:39:46,184 [INFO] PluginManager:220 - loadIPPluginJar : add cryp
2025-10-20 18:39:46,196 [INFO] IPUIPlugin:80 - create IPUIPlugin
2025-10-20 18:39:46,197 [INFO] PluginManager:220 - loadIPPluginJar : add ddr_ctrl_phy
2025-10-20 18:39:46,227 [INFO] IPUIPlugin:80 - create IPUIPlugin
2025-10-20 18:39:46,227 [INFO] PluginManager:220 - loadIPPluginJar : add dfsdm
2025-10-20 18:39:46,241 [INFO] IPUIPlugin:80 - create IPUIPlugin
2025-10-20 18:39:46,241 [INFO] PluginManager:220 - loadIPPluginJar : add dma
2025-10-20 18:39:46,277 [INFO] IPUIPlugin:80 - create IPUIPlugin
2025-10-20 18:39:46,277 [INFO] PluginManager:220 - loadIPPluginJar : add dma3
2025-10-20 18:39:46,318 [INFO] IPUIPlugin:80 - create IPUIPlugin
2025-10-20 18:39:46,318 [INFO] PluginManager:220 - loadIPPluginJar : add extmemmanager
2025-10-20 18:39:46,339 [INFO] IPUIPlugin:80 - create IPUIPlugin
2025-10-20 18:39:46,339 [INFO] PluginManager:220 - loadIPPluginJar : add fatfs
2025-10-20 18:39:46,381 [INFO] IPUIPlugin:80 - create IPUIPlugin
2025-10-20 18:39:46,381 [INFO] PluginManager:220 - loadIPPluginJar : add fmc
2025-10-20 18:39:46,394 [INFO] IPUIPlugin:80 - create IPUIPlugin
2025-10-20 18:39:46,395 [INFO] PluginManager:220 - loadIPPluginJar : add freertos
2025-10-20 18:39:46,417 [INFO] IPUIPlugin:80 - create IPUIPlugin
2025-10-20 18:39:46,418 [INFO] PluginManager:220 - loadIPPluginJar : add genericplugin
2025-10-20 18:39:46,508 [INFO] IPUIPlugin:80 - create IPUIPlugin
2025-10-20 18:39:46,509 [INFO] PluginManager:220 - loadIPPluginJar : add gfxmmu
2025-10-20 18:39:46,626 [INFO] IPUIPlugin:80 - create IPUIPlugin
2025-10-20 18:39:46,626 [INFO] PluginManager:220 - loadIPPluginJar : add gic
2025-10-20 18:39:46,638 [INFO] IPUIPlugin:80 - create IPUIPlugin
2025-10-20 18:39:46,638 [INFO] PluginManager:220 - loadIPPluginJar : add gpio
2025-10-20 18:39:46,716 [INFO] IPUIPlugin:80 - create IPUIPlugin
2025-10-20 18:39:46,716 [INFO] PluginManager:220 - loadIPPluginJar : add gtzc
2025-10-20 18:39:46,746 [INFO] IPUIPlugin:80 - create IPUIPlugin
2025-10-20 18:39:46,746 [INFO] PluginManager:220 - loadIPPluginJar : add hash
2025-10-20 18:39:46,797 [INFO] IPUIPlugin:80 - create IPUIPlugin
2025-10-20 18:39:46,797 [INFO] PluginManager:220 - loadIPPluginJar : add i2c
2025-10-20 18:39:46,835 [INFO] IPUIPlugin:80 - create IPUIPlugin
2025-10-20 18:39:46,835 [INFO] PluginManager:220 - loadIPPluginJar : add i2s
2025-10-20 18:39:46,874 [INFO] IPUIPlugin:80 - create IPUIPlugin
2025-10-20 18:39:46,874 [INFO] PluginManager:220 - loadIPPluginJar : add i3c
2025-10-20 18:39:46,960 [INFO] IPUIPlugin:80 - create IPUIPlugin
2025-10-20 18:39:46,960 [INFO] PluginManager:220 - loadIPPluginJar : add ipddr
2025-10-20 18:39:47,047 [INFO] IPUIPlugin:80 - create IPUIPlugin
2025-10-20 18:39:47,048 [INFO] PluginManager:220 - loadIPPluginJar : add linkedlist
2025-10-20 18:39:47,083 [INFO] IPUIPlugin:80 - create IPUIPlugin
2025-10-20 18:39:47,083 [INFO] PluginManager:220 - loadIPPluginJar : add lorawan
2025-10-20 18:39:47,119 [INFO] IPUIPlugin:80 - create IPUIPlugin
2025-10-20 18:39:47,119 [INFO] PluginManager:220 - loadIPPluginJar : add ltdc
2025-10-20 18:39:47,132 [INFO] IPUIPlugin:80 - create IPUIPlugin
2025-10-20 18:39:47,132 [INFO] PluginManager:220 - loadIPPluginJar : add mdma
2025-10-20 18:39:47,143 [INFO] IPUIPlugin:80 - create IPUIPlugin
2025-10-20 18:39:47,143 [INFO] PluginManager:220 - loadIPPluginJar : add nvic
2025-10-20 18:39:47,179 [INFO] IPUIPlugin:80 - create IPUIPlugin
2025-10-20 18:39:47,179 [INFO] PluginManager:220 - loadIPPluginJar : add opamp
2025-10-20 18:39:47,241 [INFO] IPUIPlugin:80 - create IPUIPlugin
2025-10-20 18:39:47,241 [INFO] PluginManager:220 - loadIPPluginJar : add openamp
2025-10-20 18:39:47,283 [INFO] IPUIPlugin:80 - create IPUIPlugin
2025-10-20 18:39:47,283 [INFO] PluginManager:220 - loadIPPluginJar : add pdm2pcm
2025-10-20 18:39:47,296 [INFO] IPUIPlugin:80 - create IPUIPlugin
2025-10-20 18:39:47,297 [INFO] PluginManager:220 - loadIPPluginJar : add plateformsettings
2025-10-20 18:39:47,321 [INFO] IPUIPlugin:80 - create IPUIPlugin
2025-10-20 18:39:47,321 [INFO] PluginManager:220 - loadIPPluginJar : add quadspi
2025-10-20 18:39:47,346 [INFO] IPUIPlugin:80 - create IPUIPlugin
2025-10-20 18:39:47,346 [INFO] PluginManager:220 - loadIPPluginJar : add radio
2025-10-20 18:39:47,359 [INFO] IPUIPlugin:80 - create IPUIPlugin
2025-10-20 18:39:47,359 [INFO] PluginManager:220 - loadIPPluginJar : add resmgrutility
2025-10-20 18:39:47,404 [INFO] IPUIPlugin:80 - create IPUIPlugin
2025-10-20 18:39:47,404 [INFO] PluginManager:220 - loadIPPluginJar : add sai
2025-10-20 18:39:47,439 [INFO] IPUIPlugin:80 - create IPUIPlugin
2025-10-20 18:39:47,440 [INFO] PluginManager:220 - loadIPPluginJar : add spi
2025-10-20 18:39:47,504 [INFO] IPUIPlugin:80 - create IPUIPlugin
2025-10-20 18:39:47,504 [INFO] PluginManager:220 - loadIPPluginJar : add stm32_wpan
2025-10-20 18:39:47,528 [INFO] IPUIPlugin:80 - create IPUIPlugin
2025-10-20 18:39:47,528 [INFO] PluginManager:220 - loadIPPluginJar : add tim
2025-10-20 18:39:47,585 [INFO] IPUIPlugin:80 - create IPUIPlugin
2025-10-20 18:39:47,585 [INFO] PluginManager:220 - loadIPPluginJar : add touchsensing
2025-10-20 18:39:47,608 [INFO] IPUIPlugin:80 - create IPUIPlugin
2025-10-20 18:39:47,608 [INFO] PluginManager:220 - loadIPPluginJar : add tracer_emb
2025-10-20 18:39:47,632 [INFO] IPUIPlugin:80 - create IPUIPlugin
2025-10-20 18:39:47,632 [INFO] PluginManager:220 - loadIPPluginJar : add ts
2025-10-20 18:39:47,655 [INFO] IPUIPlugin:80 - create IPUIPlugin
2025-10-20 18:39:47,655 [INFO] PluginManager:220 - loadIPPluginJar : add tsc
2025-10-20 18:39:47,676 [INFO] IPUIPlugin:80 - create IPUIPlugin
2025-10-20 18:39:47,676 [INFO] PluginManager:220 - loadIPPluginJar : add ucpd
2025-10-20 18:39:47,718 [INFO] IPUIPlugin:80 - create IPUIPlugin
2025-10-20 18:39:47,718 [INFO] PluginManager:220 - loadIPPluginJar : add usart
2025-10-20 18:39:47,760 [INFO] IPUIPlugin:80 - create IPUIPlugin
2025-10-20 18:39:47,760 [INFO] PluginManager:220 - loadIPPluginJar : add usbx
2025-10-20 18:39:47,864 [FATAL] Updater:351 - Updater called before beeing initialized
2025-10-20 18:39:47,883 [INFO] RulesReader:64 - Compatibility file has been processed (317 Rules)
2025-10-20 18:39:47,891 [INFO] RulesReader:64 - Compatibility file has been processed (317 Rules)
2025-10-20 18:39:47,900 [INFO] CADModel:165 - CPN selected for project level
2025-10-20 18:39:47,900 [INFO] CADModel:114 - Register for checkConnection events
2025-10-20 18:39:47,900 [FATAL] Updater:351 - Updater called before beeing initialized
2025-10-20 18:39:47,902 [ERROR] CADModel:125 - Updater not yet initialized, retry later 
2025-10-20 18:39:47,992 [FATAL] Updater:351 - Updater called before beeing initialized
2025-10-20 18:39:47,993 [INFO] CADModel:165 - CPN selected for project level
2025-10-20 18:39:47,994 [INFO] CADModel:114 - Register for checkConnection events
2025-10-20 18:39:47,994 [FATAL] Updater:351 - Updater called before beeing initialized
2025-10-20 18:39:47,994 [ERROR] CADModel:125 - Updater not yet initialized, retry later 
2025-10-20 18:39:47,995 [FATAL] Updater:351 - Updater called before beeing initialized
2025-10-20 18:39:48,070 [FATAL] Updater:351 - Updater called before beeing initialized
2025-10-20 18:39:48,074 [INFO] DbMcusAds:53 - JSON generation date=Thu Oct 02 10:36:05 BST 2025 (1759397765645)
2025-10-20 18:39:48,074 [FATAL] Updater:351 - Updater called before beeing initialized
2025-10-20 18:39:48,099 [WARN] DetailPanel:346 - Failed to get advertising image, set to default
2025-10-20 18:39:48,169 [FATAL] Updater:351 - Updater called before beeing initialized
2025-10-20 18:39:48,170 [FATAL] Updater:351 - Updater called before beeing initialized
2025-10-20 18:39:48,170 [FATAL] Updater:351 - Updater called before beeing initialized
2025-10-20 18:39:48,171 [WARN] DetailPanel:346 - Failed to get advertising image, set to default
2025-10-20 18:39:48,171 [FATAL] Updater:351 - Updater called before beeing initialized
2025-10-20 18:39:48,214 [ERROR] Updater:1198 - MainUpdater not yet initialized. External WinMGr cannot be set.
2025-10-20 18:39:48,223 [INFO] Updater:1134 - Updater Version found : 6.15.0
2025-10-20 18:39:48,233 [INFO] ApplicationProperties:184 - Using Application install path: C:\ST\STM32CubeIDE_1.19.0\STM32CubeIDE\plugins\com.st.stm32cube.common.mx_6.15.0.202507011659
2025-10-20 18:39:48,640 [INFO] ThirdPartyUpdaterWithRetryManager:70 - Updater plugin not ready yet. [2/15]
2025-10-20 18:39:49,827 [ERROR] LogOutputStream:75 - [STDERR_REDIRECT] Oct 20, 2025 6:39:49 PM java.util.prefs.WindowsPreferences <init>
2025-10-20 18:39:49,828 [ERROR] LogOutputStream:75 - [STDERR_REDIRECT] WARNING: Could not open/create prefs root node Software\JavaSoft\Prefs at root 0xffffffff80000002. Windows RegCreateKeyEx(...) returned error code 5.
2025-10-20 18:39:49,829 [ERROR] LogOutputStream:75 - [STDERR_REDIRECT] 
2025-10-20 18:39:50,104 [INFO] MainUpdater:2872 - connection check result : 10
2025-10-20 18:39:50,104 [INFO] MainUpdater:289 - Updater Check For Update Now.
2025-10-20 18:39:50,104 [INFO] MicroXplorer:498 - Change Database Version : DB.6.0.150
2025-10-20 18:39:50,118 [INFO] McuFinderGlobals:63 - Set McuFinder mode to 2 (CubeIDE integrated)
2025-10-20 18:39:50,119 [INFO] UserAuth:171 - activating auth plugin
2025-10-20 18:39:50,120 [INFO] UserAuth:487 - Internet connection configuration mode: 1
2025-10-20 18:39:50,148 [INFO] JxBrowserEngine:152 - Initiate JxBrowser Engine with user profile folder
2025-10-20 18:39:50,280 [INFO] CheckServerUpdateThread:120 - End of CheckServer Thread
2025-10-20 18:39:51,338 [INFO] WebApp:169 - Instantiating new browser for Auth
2025-10-20 18:39:51,829 [WARN] PackLoader:240 - Cannot read IP mode file for STMicroelectronics.FP-SNS-MOTENVWB1.1.4.0
2025-10-20 18:39:51,860 [WARN] PackLoader:240 - Cannot read IP mode file for STMicroelectronics.FP-ATR-ASTRA1.2.0.2
2025-10-20 18:39:51,946 [WARN] PackLoader:240 - Cannot read IP mode file for STMicroelectronics.X-CUBE-SMBUS.2.1.0
2025-10-20 18:39:51,980 [WARN] PackLoader:240 - Cannot read IP mode file for STMicroelectronics.X-CUBE-AZRTOS-F7.1.1.0
2025-10-20 18:39:51,997 [WARN] PackLoader:240 - Cannot read IP mode file for Cesanta.I-CUBE-Mongoose.7.19.0
2025-10-20 18:39:52,027 [WARN] PackLoader:240 - Cannot read IP mode file for WES.I-CUBE-Cesium.1.4.0
2025-10-20 18:39:52,070 [WARN] PackLoader:240 - Cannot read IP mode file for Infineon.AIROC-Wi-Fi-Bluetooth-STM32.1.7.1
2025-10-20 18:39:52,109 [WARN] PackLoader:240 - Cannot read IP mode file for STMicroelectronics.X-CUBE-AZRTOS-H7.3.4.0
2025-10-20 18:39:52,132 [WARN] PackLoader:240 - Cannot read IP mode file for STMicroelectronics.X-CUBE-DISPLAY.3.0.0
2025-10-20 18:39:52,168 [WARN] PackLoader:240 - Cannot read IP mode file for STMicroelectronics.X-CUBE-NFC10.1.0.0
2025-10-20 18:39:52,197 [WARN] PackLoader:240 - Cannot read IP mode file for STMicroelectronics.X-CUBE-ST60.1.1.0
2025-10-20 18:39:52,216 [WARN] PackLoader:240 - Cannot read IP mode file for emotas.I-CUBE-CANOPEN.1.3.0
2025-10-20 18:39:52,236 [WARN] PackLoader:240 - Cannot read IP mode file for STMicroelectronics.FP-SNS-STBOX1.2.1.0
2025-10-20 18:39:52,252 [WARN] PackLoader:240 - Cannot read IP mode file for STMicroelectronics.FP-SNS-SMARTAG2.1.2.0
2025-10-20 18:39:52,278 [WARN] PackLoader:240 - Cannot read IP mode file for STMicroelectronics.FP-SNS-FLIGHT1.5.1.0
2025-10-20 18:39:52,310 [INFO] LogOutputStream:77 - [STDOUT_REDIRECT] 1 : Invalid condition id : UX_CORESTACK_Condition cause : null
2025-10-20 18:39:52,310 [INFO] LogOutputStream:77 - [STDOUT_REDIRECT] 1 : Invalid condition id : UX_CORESTACK_Condition cause : null
2025-10-20 18:39:52,311 [INFO] LogOutputStream:77 - [STDOUT_REDIRECT] 1 : Invalid condition id : UX_CORESTACK_Condition cause : null
2025-10-20 18:39:52,312 [INFO] LogOutputStream:77 - [STDOUT_REDIRECT] 1 : Invalid condition id : UX_CORESTACK_Condition cause : null
2025-10-20 18:39:52,312 [INFO] LogOutputStream:77 - [STDOUT_REDIRECT] 1 : Invalid condition id : UX_CORESTACK_Condition cause : null
2025-10-20 18:39:52,313 [WARN] PackLoader:240 - Cannot read IP mode file for STMicroelectronics.X-CUBE-AZRTOS-WL.2.0.0
2025-10-20 18:39:52,326 [WARN] PackLoader:240 - Cannot read IP mode file for STMicroelectronics.FP-SNS-MOTENV1.5.0.0
2025-10-20 18:39:52,340 [WARN] PackLoader:240 - Cannot read IP mode file for STMicroelectronics.X-CUBE-BLE2.3.3.0
2025-10-20 18:39:52,354 [WARN] PackLoader:240 - Cannot read IP mode file for STMicroelectronics.X-CUBE-NFC9.1.0.0
2025-10-20 18:39:52,369 [WARN] PackLoader:240 - Cannot read IP mode file for wolfSSL.I-CUBE-wolfSSL.5.8.2
2025-10-20 18:39:52,381 [WARN] PackLoader:240 - Cannot read IP mode file for STMicroelectronics.X-CUBE-BLE1.7.1.0
2025-10-20 18:39:52,392 [WARN] PackLoader:240 - Cannot read IP mode file for wolfSSL.I-CUBE-wolfMQTT.1.19.2
2025-10-20 18:39:52,422 [WARN] PackLoader:240 - Cannot read IP mode file for STMicroelectronics.X-CUBE-EEPRMA1.5.2.0
2025-10-20 18:39:52,435 [WARN] PackLoader:240 - Cannot read IP mode file for STMicroelectronics.X-CUBE-ST67W61.1.1.0
2025-10-20 18:39:52,452 [WARN] PackLoader:240 - Cannot read IP mode file for STMicroelectronics.X-CUBE-AZRTOS-G0.1.1.0
2025-10-20 18:39:52,466 [WARN] PackLoader:240 - Cannot read IP mode file for STMicroelectronics.X-CUBE-SAFEA1.1.2.2
2025-10-20 18:39:52,479 [WARN] PackLoader:240 - Cannot read IP mode file for STMicroelectronics.X-CUBE-NFC4.3.0.0
2025-10-20 18:39:52,494 [WARN] PackLoader:240 - Cannot read IP mode file for EmbeddedOffice.I-CUBE-FS-RTOS.1.0.1
2025-10-20 18:39:52,506 [WARN] PackLoader:240 - Cannot read IP mode file for STMicroelectronics.X-CUBE-WB05N.2.0.0
2025-10-20 18:39:52,906 [WARN] PackLoader:240 - Cannot read IP mode file for wolfSSL.I-CUBE-wolfTPM.3.8.0
2025-10-20 18:39:52,940 [WARN] PackLoader:240 - Cannot read IP mode file for STMicroelectronics.X-CUBE-TCPP.4.2.0
2025-10-20 18:39:52,955 [WARN] PackLoader:240 - Cannot read IP mode file for RealThread.X-CUBE-RT-Thread_Nano.4.1.1
2025-10-20 18:39:52,988 [WARN] PackLoader:240 - Cannot read IP mode file for STMicroelectronics.FP-ATR-SIGFOX1.3.2.0
2025-10-20 18:39:53,013 [INFO] WebApp:463 - Apply proxy settings
2025-10-20 18:39:53,013 [INFO] WebApp:548 - Chromium requires no authentication
2025-10-20 18:39:53,024 [WARN] PackLoader:240 - Cannot read IP mode file for ITTIA_DB.I-CUBE-ITTIADB.8.9.0
2025-10-20 18:39:53,062 [WARN] PackLoader:240 - Cannot read IP mode file for STMicroelectronics.X-CUBE-AI.10.2.0
2025-10-20 18:39:53,071 [INFO] WebApp:491 - Direct internet connection detected
2025-10-20 18:39:53,084 [WARN] PackLoader:240 - Cannot read IP mode file for SEGGER.I-CUBE-embOS.1.3.1
2025-10-20 18:39:53,123 [INFO] WebApp:900 - Register for checkConnection events
2025-10-20 18:39:53,124 [INFO] WebApp:463 - Apply proxy settings
2025-10-20 18:39:53,124 [INFO] WebApp:548 - Chromium requires no authentication
2025-10-20 18:39:53,124 [INFO] WebApp:491 - Direct internet connection detected
2025-10-20 18:39:53,163 [WARN] PackLoader:240 - Cannot read IP mode file for STMicroelectronics.X-CUBE-ALGOBUILD.1.4.0
2025-10-20 18:39:53,235 [WARN] PackLoader:240 - Cannot read IP mode file for STMicroelectronics.X-CUBE-MEMS1.11.3.0
2025-10-20 18:39:53,308 [WARN] PackLoader:240 - Cannot read IP mode file for STMicroelectronics.X-CUBE-PM33A1.1.0.0
2025-10-20 18:39:53,350 [WARN] PackLoader:240 - Cannot read IP mode file for STMicroelectronics.X-CUBE-AZRTOS-F4.1.1.0
2025-10-20 18:39:53,363 [WARN] PackLoader:240 - Cannot read IP mode file for STMicroelectronics.X-CUBE-ISPU.2.1.0
2025-10-20 18:39:53,392 [WARN] PackLoader:240 - Cannot read IP mode file for STMicroelectronics.X-CUBE-IPS.3.2.0
2025-10-20 18:39:53,441 [WARN] PackLoader:240 - Cannot read IP mode file for STMicroelectronics.X-CUBE-NFC12.1.0.0
2025-10-20 18:39:53,463 [WARN] PackLoader:240 - Cannot read IP mode file for STMicroelectronics.X-CUBE-AZRTOS-L5.2.0.0
2025-10-20 18:39:53,480 [WARN] PackLoader:240 - Cannot read IP mode file for STMicroelectronics.X-CUBE-NFC6.3.1.0
2025-10-20 18:39:53,489 [INFO] WebApp:191 - Connection restablished
2025-10-20 18:39:53,508 [WARN] PackLoader:240 - Cannot read IP mode file for STMicroelectronics.X-CUBE-FREERTOS.1.3.1
2025-10-20 18:39:53,550 [WARN] PackLoader:240 - Cannot read IP mode file for STMicroelectronics.X-CUBE-TOUCHGFX.4.26.0
2025-10-20 18:39:53,581 [WARN] PackLoader:240 - Cannot read IP mode file for STMicroelectronics.FP-SNS-STAIOTCFT.1.0.0
2025-10-20 18:39:53,605 [WARN] PackLoader:240 - Cannot read IP mode file for STMicroelectronics.X-CUBE-DPower.1.3.0
2025-10-20 18:39:53,638 [WARN] ConditionMgr:438 - getConditionDescription Invalid condition id : LAN8742 Phy interface Condition cause : null
2025-10-20 18:39:53,638 [WARN] PackLoader:240 - Cannot read IP mode file for STMicroelectronics.X-CUBE-AZRTOS-L4.2.0.0
2025-10-20 18:39:53,638 [WARN] ConditionMgr:1044 - genDependencies : Invalid condition id : LAN8742 Phy interface Condition cause : null
2025-10-20 18:39:53,638 [WARN] ConditionMgr:1044 - genDependencies : Invalid condition id : LAN8742 Phy interface Condition cause : null
2025-10-20 18:39:53,638 [WARN] ConditionMgr:1044 - genDependencies : Invalid condition id : LAN8742 Phy interface Condition cause : null
2025-10-20 18:39:53,659 [WARN] PackLoader:240 - Cannot read IP mode file for STMicroelectronics.X-CUBE-SFXS2LP1.4.0.0
2025-10-20 18:39:53,679 [WARN] PackLoader:240 - Cannot read IP mode file for STMicroelectronics.X-CUBE-BLEMGR.4.1.0
2025-10-20 18:39:53,722 [WARN] ConditionMgr:438 - getConditionDescription Invalid condition id : UX DEVICE CLASS RTOS Condition cause : null
2025-10-20 18:39:53,722 [WARN] ConditionMgr:438 - getConditionDescription Invalid condition id : UX DEVICE CLASS RTOS Condition cause : null
2025-10-20 18:39:53,722 [WARN] PackLoader:240 - Cannot read IP mode file for STMicroelectronics.X-CUBE-AZRTOS-WB.2.0.0
2025-10-20 18:39:53,723 [WARN] ConditionMgr:1044 - genDependencies : Invalid condition id : UX DEVICE CLASS RTOS Condition cause : null
2025-10-20 18:39:53,723 [WARN] ConditionMgr:1044 - genDependencies : Invalid condition id : UX DEVICE CLASS RTOS Condition cause : null
2025-10-20 18:39:53,723 [WARN] ConditionMgr:1044 - genDependencies : Invalid condition id : UX DEVICE CLASS RTOS Condition cause : null
2025-10-20 18:39:53,723 [WARN] ConditionMgr:1044 - genDependencies : Invalid condition id : UX DEVICE CLASS RTOS Condition cause : null
2025-10-20 18:39:53,723 [WARN] ConditionMgr:1044 - genDependencies : Invalid condition id : UX DEVICE CLASS RTOS Condition cause : null
2025-10-20 18:39:53,758 [WARN] PackLoader:240 - Cannot read IP mode file for STMicroelectronics.X-CUBE-GNSS1.7.0.1
2025-10-20 18:39:53,770 [WARN] ConditionMgr:438 - getConditionDescription Invalid condition id : Cortex-A Device cause : null
2025-10-20 18:39:53,794 [WARN] ConditionMgr:1044 - genDependencies : Invalid condition id : Cortex-A Device cause : null
2025-10-20 18:39:53,794 [WARN] ConditionMgr:1044 - genDependencies : Invalid condition id : Cortex-A Device cause : null
2025-10-20 18:39:53,794 [WARN] ConditionMgr:1044 - genDependencies : Invalid condition id : Cortex-A Device cause : null
2025-10-20 18:39:53,814 [WARN] PackLoader:240 - Cannot read IP mode file for STMicroelectronics.X-CUBE-SUBG2.5.0.0
2025-10-20 18:39:53,829 [INFO] WebApp:225 - Starting web application
2025-10-20 18:39:53,829 [INFO] WebApp:593 - Web application path used C:\ST\STM32CubeIDE_1.19.0\STM32CubeIDE\plugins\com.st.stm32cube.common.mx_6.15.0.202507011659\db\plugins\mcufinder\reactClient1\index.html
2025-10-20 18:39:53,854 [WARN] PackLoader:240 - Cannot read IP mode file for STMicroelectronics.X-CUBE-AZRTOS-H7RS.1.1.0
2025-10-20 18:39:53,880 [WARN] PackLoader:240 - Cannot read IP mode file for STMicroelectronics.X-CUBE-AZRTOS-G4.2.0.0
2025-10-20 18:39:53,901 [WARN] PackLoader:240 - Cannot read IP mode file for wolfSSL.I-CUBE-wolfSSH.1.4.20
2025-10-20 18:39:53,918 [WARN] PackLoader:240 - Cannot read IP mode file for STMicroelectronics.X-CUBE-NFC7.2.0.0
2025-10-20 18:39:53,929 [WARN] PackLoader:240 - Cannot read IP mode file for STMicroelectronics.X-CUBE-ALS.1.0.2
2025-10-20 18:39:53,942 [WARN] PackLoader:240 - Cannot read IP mode file for STMicroelectronics.X-CUBE-STSE01.1.0.0
2025-10-20 18:39:53,956 [WARN] PackLoader:240 - Cannot read IP mode file for STMicroelectronics.X-CUBE-TOF1.3.4.3
2025-10-20 18:39:53,959 [INFO] ThirdParty:978 - Integrity check success = true
2025-10-20 18:39:53,960 [INFO] IntegrityCheckThread:100 - exiting critical section [integrity check]
2025-10-20 18:39:53,960 [INFO] IntegrityCheckThread:103 - End integrity checks thread
2025-10-20 18:40:05,692 [ERROR] LogOutputStream:75 - [STDERR_REDIRECT] 
